▲ Next.js 16.2.10 (Turbopack)
- Local:         http://localhost:3000
- Network:       http://100.75.57.8:3000
- Environments: .env.local
✓ Ready in 551ms

 GET / 200 in 16.4s (next.js: 2.0s, application-code: 14.3s)
 GET /api/ranking 500 in 7.5s (next.js: 400ms, application-code: 7.1s)
 GET /admin 200 in 455ms (next.js: 398ms, application-code: 56ms)
 GET /health 404 in 492ms (next.js: 423ms, application-code: 69ms)
 GET / 200 in 10.0s (next.js: 5ms, application-code: 10.0s)
 GET / 200 in 14.2s (next.js: 6ms, application-code: 14.2s)
 GET / 200 in 10.0s (next.js: 7ms, application-code: 10.0s)
 GET /login 200 in 371ms (next.js: 330ms, application-code: 41ms)
 GET /admin 200 in 39ms (next.js: 6ms, application-code: 32ms)
 GET /criar-postagem 200 in 349ms (next.js: 304ms, application-code: 45ms)
 GET /hall-da-fama 200 in 7.4s (next.js: 327ms, application-code: 7.1s)
✓ Compiled in 74ms
✓ Compiled in 86ms
 GET /health 404 in 51ms (next.js: 17ms, application-code: 33ms)
 GET /health 404 in 51ms (next.js: 10ms, application-code: 42ms)
 GET / 200 in 14.4s (next.js: 108ms, application-code: 14.3s)
 GET /health 404 in 40ms (next.js: 8ms, application-code: 32ms)
 GET /health 404 in 48ms (next.js: 9ms, application-code: 39ms)
 GET /health 404 in 47ms (next.js: 8ms, application-code: 39ms)
  Reload env: .env.local
✓ Compiled in 85ms
 GET /health 404 in 191ms (next.js: 89ms, application-code: 102ms)
 GET / 200 in 1303ms (next.js: 231ms, application-code: 1071ms)
 GET /hall-da-fama 200 in 470ms (next.js: 181ms, application-code: 289ms)
 GET /login 200 in 55ms (next.js: 27ms, application-code: 28ms)
 GET /hall-da-fama 200 in 558ms (next.js: 9ms, application-code: 548ms)
 GET /login 200 in 39ms (next.js: 8ms, application-code: 31ms)
 POST /api/auth/user 401 in 456ms (next.js: 254ms, application-code: 202ms)
 GET /hall-da-fama 200 in 188ms (next.js: 7ms, application-code: 181ms)
 GET /hall-da-fama 200 in 223ms (next.js: 6ms, application-code: 216ms)
 GET /health 404 in 39ms (next.js: 10ms, application-code: 30ms)
 GET /health 404 in 103ms (next.js: 17ms, application-code: 86ms)
  Reload env: .env.local
✓ Compiled in 24ms
 GET / 200 in 945ms (next.js: 11ms, application-code: 935ms)
 GET / 200 in 1183ms (next.js: 125ms, application-code: 1058ms)
 GET / 200 in 983ms (next.js: 39ms, application-code: 944ms)
 GET / 200 in 1089ms (next.js: 61ms, application-code: 1028ms)
 GET / 200 in 1092ms (next.js: 34ms, application-code: 1058ms)
 GET / 200 in 486ms (next.js: 4ms, application-code: 481ms)
 GET / 200 in 1652ms (next.js: 5ms, application-code: 1648ms)
 GET /health 404 in 211ms (next.js: 46ms, application-code: 164ms)
 GET /health 404 in 48ms (next.js: 10ms, application-code: 38ms)
  Reload env: .env.local
✓ Compiled in 235ms
 GET /health 404 in 132ms (next.js: 23ms, application-code: 109ms)
 GET / 200 in 1410ms (next.js: 153ms, application-code: 1257ms)
 GET / 200 in 1237ms (next.js: 10ms, application-code: 1227ms)
 GET / 200 in 1208ms (next.js: 72ms, application-code: 1137ms)
 GET / 200 in 1212ms (next.js: 11ms, application-code: 1201ms)
 GET / 200 in 1473ms (next.js: 39ms, application-code: 1434ms)
 GET / 200 in 1490ms (next.js: 102ms, application-code: 1387ms)
 GET / 200 in 1037ms (next.js: 7ms, application-code: 1030ms)
 GET /health 404 in 70ms (next.js: 19ms, application-code: 51ms)
 GET /health 404 in 41ms (next.js: 8ms, application-code: 33ms)
✓ Compiled in 67ms
 GET / 200 in 974ms (next.js: 121ms, application-code: 853ms)
✓ Compiled in 169ms
 GET / 200 in 1320ms (next.js: 170ms, application-code: 1150ms)
 GET / 200 in 913ms (next.js: 78ms, application-code: 835ms)
 GET / 200 in 1092ms (next.js: 142ms, application-code: 950ms)
 GET / 200 in 1043ms (next.js: 10ms, application-code: 1034ms)
 GET / 200 in 1045ms (next.js: 43ms, application-code: 1001ms)
 GET / 200 in 36ms (next.js: 7ms, application-code: 29ms)
 GET / 200 in 170ms (next.js: 54ms, application-code: 116ms)
 GET / 200 in 173ms (next.js: 13ms, application-code: 160ms)
 GET / 200 in 174ms (next.js: 33ms, application-code: 141ms)
 GET / 200 in 1278ms (next.js: 12ms, application-code: 1266ms)
 GET / 200 in 886ms (next.js: 211ms, application-code: 675ms)
 GET / 200 in 660ms (next.js: 12ms, application-code: 648ms)
 GET / 200 in 625ms (next.js: 33ms, application-code: 592ms)
 GET / 200 in 626ms (next.js: 60ms, application-code: 566ms)
 GET / 200 in 627ms (next.js: 89ms, application-code: 538ms)
 GET / 200 in 635ms (next.js: 11ms, application-code: 625ms)
 GET / 200 in 744ms (next.js: 9ms, application-code: 735ms)
 GET / 200 in 833ms (next.js: 5ms, application-code: 828ms)
 GET / 200 in 746ms (next.js: 30ms, application-code: 716ms)
 GET / 200 in 800ms (next.js: 6ms, application-code: 793ms)
 GET / 200 in 877ms (next.js: 14ms, application-code: 863ms)
 GET / 200 in 849ms (next.js: 10ms, application-code: 839ms)
 GET / 200 in 575ms (next.js: 34ms, application-code: 541ms)
 GET / 200 in 621ms (next.js: 57ms, application-code: 564ms)
 GET / 200 in 623ms (next.js: 8ms, application-code: 615ms)
 GET / 200 in 600ms (next.js: 12ms, application-code: 588ms)
 GET / 200 in 560ms (next.js: 6ms, application-code: 554ms)
 GET / 200 in 563ms (next.js: 29ms, application-code: 534ms)
 GET / 200 in 533ms (next.js: 7ms, application-code: 526ms)
 GET / 200 in 547ms (next.js: 40ms, application-code: 507ms)
 GET / 200 in 593ms (next.js: 10ms, application-code: 583ms)
 GET / 200 in 512ms (next.js: 11ms, application-code: 500ms)
 GET / 200 in 515ms (next.js: 10ms, application-code: 505ms)
 GET / 200 in 720ms (next.js: 7ms, application-code: 713ms)
 GET / 200 in 513ms (next.js: 10ms, application-code: 503ms)
 GET / 200 in 517ms (next.js: 6ms, application-code: 511ms)
 GET / 200 in 547ms (next.js: 25ms, application-code: 522ms)
 GET / 200 in 485ms (next.js: 4ms, application-code: 481ms)
 GET / 200 in 549ms (next.js: 11ms, application-code: 538ms)
 GET / 200 in 502ms (next.js: 9ms, application-code: 493ms)
 GET / 200 in 499ms (next.js: 6ms, application-code: 493ms)
 GET / 200 in 501ms (next.js: 4ms, application-code: 497ms)
 GET / 200 in 478ms (next.js: 4ms, application-code: 474ms)
 GET / 200 in 518ms (next.js: 5ms, application-code: 513ms)
 GET / 200 in 524ms (next.js: 5ms, application-code: 519ms)
 GET / 200 in 517ms (next.js: 7ms, application-code: 510ms)
 GET / 200 in 507ms (next.js: 6ms, application-code: 501ms)
 GET / 200 in 497ms (next.js: 6ms, application-code: 491ms)
 GET / 200 in 507ms (next.js: 6ms, application-code: 501ms)
 GET / 200 in 496ms (next.js: 5ms, application-code: 491ms)
✓ Compiled in 174ms
 GET / 200 in 971ms (next.js: 119ms, application-code: 851ms)
 GET /health 404 in 237ms (next.js: 121ms, application-code: 115ms)
 GET / 200 in 848ms (next.js: 6ms, application-code: 842ms)
 GET /health 404 in 68ms (next.js: 12ms, application-code: 55ms)
 GET /health 404 in 58ms (next.js: 10ms, application-code: 48ms)
 GET /health 404 in 41ms (next.js: 8ms, application-code: 33ms)
 GET /health 404 in 42ms (next.js: 10ms, application-code: 32ms)
 GET /health 404 in 61ms (next.js: 12ms, application-code: 49ms)
 GET /health 404 in 61ms (next.js: 12ms, application-code: 49ms)
 GET /health 404 in 60ms (next.js: 11ms, application-code: 49ms)
 GET /health 404 in 42ms (next.js: 9ms, application-code: 34ms)
 GET /health 404 in 97ms (next.js: 18ms, application-code: 79ms)
✓ Compiled in 299ms
 GET /health 404 in 69ms (next.js: 14ms, application-code: 56ms)
✓ Compiled in 376ms
 GET / 200 in 943ms (next.js: 7ms, application-code: 937ms)
 GET / 200 in 1073ms (next.js: 16ms, application-code: 1058ms)
 GET / 200 in 1563ms (next.js: 283ms, application-code: 1280ms)
✓ Compiled in 101ms
 GET / 200 in 736ms (next.js: 74ms, application-code: 662ms)
 GET / 200 in 746ms (next.js: 100ms, application-code: 646ms)
 GET / 200 in 773ms (next.js: 17ms, application-code: 756ms)
 GET / 200 in 1056ms (next.js: 155ms, application-code: 901ms)
 GET / 200 in 836ms (next.js: 6ms, application-code: 830ms)
 GET / 200 in 990ms (next.js: 137ms, application-code: 854ms)
✓ Compiled in 46ms
 GET / 200 in 869ms (next.js: 166ms, application-code: 703ms)
 GET / 200 in 636ms (next.js: 10ms, application-code: 626ms)
✓ Compiled in 48ms
 GET / 200 in 597ms (next.js: 6ms, application-code: 591ms)
 GET / 200 in 953ms (next.js: 222ms, application-code: 731ms)
✓ Compiled in 52ms
 GET / 200 in 970ms (next.js: 233ms, application-code: 737ms)
 GET / 200 in 647ms (next.js: 12ms, application-code: 635ms)
✓ Compiled in 163ms
 GET / 200 in 734ms (next.js: 141ms, application-code: 594ms)
 GET / 200 in 545ms (next.js: 5ms, application-code: 540ms)
 GET / 200 in 511ms (next.js: 4ms, application-code: 507ms)
✓ Compiled in 149ms
 GET / 200 in 639ms (next.js: 5ms, application-code: 634ms)
 GET / 200 in 866ms (next.js: 154ms, application-code: 713ms)
 GET / 200 in 603ms (next.js: 11ms, application-code: 593ms)
 GET /health 404 in 373ms (next.js: 185ms, application-code: 188ms)
 GET /health 404 in 60ms (next.js: 14ms, application-code: 47ms)
 GET /health 404 in 55ms (next.js: 12ms, application-code: 44ms)
 GET /health 404 in 64ms (next.js: 11ms, application-code: 53ms)
 GET /health 404 in 60ms (next.js: 10ms, application-code: 50ms)
 GET /health 404 in 33ms (next.js: 7ms, application-code: 26ms)
 GET /health 404 in 274ms (next.js: 116ms, application-code: 159ms)
 GET /health 404 in 79ms (next.js: 11ms, application-code: 68ms)
 GET /health 404 in 63ms (next.js: 11ms, application-code: 52ms)
 GET /health 404 in 65ms (next.js: 13ms, application-code: 53ms)
 GET /health 404 in 59ms (next.js: 14ms, application-code: 45ms)
 GET /health 404 in 56ms (next.js: 9ms, application-code: 47ms)
 GET /health 404 in 47ms (next.js: 10ms, application-code: 38ms)
 GET /health 404 in 60ms (next.js: 8ms, application-code: 52ms)
 GET /health 404 in 48ms (next.js: 8ms, application-code: 40ms)
 GET /health 404 in 43ms (next.js: 10ms, application-code: 33ms)
 GET /health 404 in 43ms (next.js: 11ms, application-code: 33ms)
 GET /health 404 in 69ms (next.js: 14ms, application-code: 55ms)
 GET /health 404 in 62ms (next.js: 17ms, application-code: 45ms)
✓ Compiled in 215ms
 GET /health 404 in 278ms (next.js: 115ms, application-code: 163ms)
 GET /health 404 in 34ms (next.js: 6ms, application-code: 28ms)
 GET /health 404 in 39ms (next.js: 8ms, application-code: 31ms)
 GET /health 404 in 39ms (next.js: 7ms, application-code: 32ms)
 GET /health 404 in 34ms (next.js: 6ms, application-code: 28ms)
 GET /health 404 in 39ms (next.js: 7ms, application-code: 32ms)
 GET /health 404 in 44ms (next.js: 10ms, application-code: 34ms)
 GET /health 404 in 38ms (next.js: 5ms, application-code: 33ms)
 GET /health 404 in 39ms (next.js: 10ms, application-code: 29ms)
 GET /health 404 in 34ms (next.js: 7ms, application-code: 27ms)
 GET /health 404 in 30ms (next.js: 6ms, application-code: 24ms)
 GET /health 404 in 35ms (next.js: 8ms, application-code: 27ms)
 GET /health 404 in 30ms (next.js: 5ms, application-code: 25ms)
 GET /health 404 in 48ms (next.js: 11ms, application-code: 38ms)
 GET /health 404 in 292ms (next.js: 117ms, application-code: 175ms)
 GET /health 404 in 46ms (next.js: 10ms, application-code: 37ms)
 GET /health 404 in 41ms (next.js: 6ms, application-code: 35ms)
 GET /health 404 in 68ms (next.js: 12ms, application-code: 57ms)
 GET /health 404 in 66ms (next.js: 12ms, application-code: 54ms)
 GET /health 404 in 47ms (next.js: 10ms, application-code: 38ms)
 GET /health 404 in 318ms (next.js: 149ms, application-code: 169ms)
✓ Compiled in 374ms
 GET /health 404 in 334ms (next.js: 151ms, application-code: 184ms)
✓ Compiled in 70ms
✓ Compiled in 369ms
✓ Compiled in 52ms
 GET /health 404 in 152ms (next.js: 65ms, application-code: 87ms)
✓ Compiled in 106ms
✓ Compiled in 123ms
✓ Compiled in 66ms
 GET /health 404 in 230ms (next.js: 114ms, application-code: 116ms)
 GET /health 404 in 49ms (next.js: 8ms, application-code: 41ms)
 GET /health 404 in 364ms (next.js: 190ms, application-code: 175ms)
 GET /health 404 in 128ms (next.js: 23ms, application-code: 105ms)
 GET /health 404 in 83ms (next.js: 11ms, application-code: 72ms)
✓ Compiled in 267ms
 GET /health 404 in 396ms (next.js: 187ms, application-code: 209ms)
 GET /health 404 in 86ms (next.js: 15ms, application-code: 71ms)
 GET /health 404 in 95ms (next.js: 13ms, application-code: 82ms)
 GET /health 404 in 64ms (next.js: 11ms, application-code: 53ms)
 GET /health 404 in 62ms (next.js: 12ms, application-code: 50ms)
 GET /health 404 in 73ms (next.js: 10ms, application-code: 63ms)
 GET /health 404 in 69ms (next.js: 11ms, application-code: 58ms)
 GET /health 404 in 82ms (next.js: 13ms, application-code: 68ms)
 GET /health 404 in 82ms (next.js: 10ms, application-code: 71ms)
 GET /health 404 in 68ms (next.js: 11ms, application-code: 56ms)
 GET /health 404 in 77ms (next.js: 13ms, application-code: 64ms)
 GET /health 404 in 65ms (next.js: 12ms, application-code: 53ms)
 GET /health 404 in 84ms (next.js: 19ms, application-code: 65ms)
 GET /health 404 in 76ms (next.js: 12ms, application-code: 64ms)
 GET /health 404 in 95ms (next.js: 13ms, application-code: 82ms)
 GET /health 404 in 79ms (next.js: 13ms, application-code: 66ms)
 GET /health 404 in 95ms (next.js: 16ms, application-code: 79ms)
 GET /health 404 in 106ms (next.js: 16ms, application-code: 90ms)
 GET /health 404 in 81ms (next.js: 15ms, application-code: 66ms)
 GET /health 404 in 86ms (next.js: 16ms, application-code: 70ms)
 GET /health 404 in 68ms (next.js: 10ms, application-code: 58ms)
 GET /health 404 in 80ms (next.js: 13ms, application-code: 67ms)
 GET /health 404 in 72ms (next.js: 14ms, application-code: 59ms)
 GET /health 404 in 77ms (next.js: 13ms, application-code: 64ms)
 GET /health 404 in 72ms (next.js: 11ms, application-code: 61ms)
 GET /health 404 in 73ms (next.js: 12ms, application-code: 61ms)
 GET /health 404 in 77ms (next.js: 14ms, application-code: 63ms)
 GET /health 404 in 75ms (next.js: 12ms, application-code: 64ms)
 GET /health 404 in 77ms (next.js: 13ms, application-code: 63ms)
 GET /health 404 in 69ms (next.js: 13ms, application-code: 56ms)
 GET /health 404 in 83ms (next.js: 15ms, application-code: 68ms)
 GET /health 404 in 68ms (next.js: 11ms, application-code: 57ms)
 GET /health 404 in 69ms (next.js: 12ms, application-code: 57ms)
 GET /health 404 in 74ms (next.js: 13ms, application-code: 61ms)
 GET /health 404 in 69ms (next.js: 12ms, application-code: 56ms)
 GET /health 404 in 75ms (next.js: 12ms, application-code: 62ms)
 GET /health 404 in 76ms (next.js: 12ms, application-code: 64ms)
 GET /health 404 in 62ms (next.js: 13ms, application-code: 49ms)
 GET /health 404 in 65ms (next.js: 14ms, application-code: 51ms)
 GET /health 404 in 77ms (next.js: 15ms, application-code: 61ms)
 GET /health 404 in 76ms (next.js: 13ms, application-code: 63ms)
 GET /health 404 in 64ms (next.js: 12ms, application-code: 52ms)
 GET /health 404 in 89ms (next.js: 14ms, application-code: 75ms)
 GET /health 404 in 83ms (next.js: 12ms, application-code: 70ms)
 GET /health 404 in 78ms (next.js: 14ms, application-code: 64ms)
 GET /health 404 in 75ms (next.js: 12ms, application-code: 63ms)
 GET /health 404 in 64ms (next.js: 10ms, application-code: 54ms)
 GET /health 404 in 74ms (next.js: 12ms, application-code: 62ms)
 GET /health 404 in 79ms (next.js: 15ms, application-code: 64ms)
 GET /health 404 in 79ms (next.js: 12ms, application-code: 68ms)
 GET /health 404 in 70ms (next.js: 10ms, application-code: 60ms)
 GET /health 404 in 82ms (next.js: 15ms, application-code: 68ms)
 GET /health 404 in 82ms (next.js: 12ms, application-code: 70ms)
 GET /health 404 in 84ms (next.js: 13ms, application-code: 71ms)
 GET /health 404 in 81ms (next.js: 14ms, application-code: 67ms)
 GET /health 404 in 87ms (next.js: 12ms, application-code: 74ms)
 GET /health 404 in 72ms (next.js: 13ms, application-code: 59ms)
 GET /health 404 in 87ms (next.js: 14ms, application-code: 72ms)
 GET /health 404 in 79ms (next.js: 14ms, application-code: 65ms)
 GET /health 404 in 78ms (next.js: 12ms, application-code: 65ms)
 GET /health 404 in 75ms (next.js: 12ms, application-code: 63ms)
 GET /health 404 in 65ms (next.js: 11ms, application-code: 53ms)
 GET /health 404 in 73ms (next.js: 12ms, application-code: 61ms)
 GET /health 404 in 81ms (next.js: 15ms, application-code: 66ms)
 GET /health 404 in 86ms (next.js: 11ms, application-code: 75ms)
 GET /health 404 in 82ms (next.js: 12ms, application-code: 70ms)
 GET /health 404 in 83ms (next.js: 14ms, application-code: 69ms)
 GET /health 404 in 78ms (next.js: 13ms, application-code: 65ms)
 GET /health 404 in 82ms (next.js: 15ms, application-code: 67ms)
 GET /health 404 in 80ms (next.js: 12ms, application-code: 68ms)
 GET /health 404 in 74ms (next.js: 13ms, application-code: 61ms)
 GET /health 404 in 70ms (next.js: 11ms, application-code: 59ms)
 GET /health 404 in 83ms (next.js: 13ms, application-code: 70ms)
 GET /health 404 in 79ms (next.js: 14ms, application-code: 65ms)
 GET /health 404 in 76ms (next.js: 13ms, application-code: 62ms)
 GET /health 404 in 75ms (next.js: 13ms, application-code: 63ms)
 GET /health 404 in 78ms (next.js: 12ms, application-code: 65ms)
 GET /health 404 in 92ms (next.js: 17ms, application-code: 75ms)
 GET /health 404 in 73ms (next.js: 12ms, application-code: 61ms)
 GET /health 404 in 88ms (next.js: 13ms, application-code: 75ms)
 GET /health 404 in 82ms (next.js: 15ms, application-code: 67ms)
 GET /health 404 in 79ms (next.js: 12ms, application-code: 67ms)
 GET /health 404 in 89ms (next.js: 11ms, application-code: 77ms)
 GET /health 404 in 81ms (next.js: 10ms, application-code: 70ms)
 GET /health 404 in 81ms (next.js: 15ms, application-code: 66ms)
 GET /health 404 in 82ms (next.js: 12ms, application-code: 70ms)
 GET /health 404 in 74ms (next.js: 12ms, application-code: 61ms)
 GET /health 404 in 74ms (next.js: 12ms, application-code: 62ms)
 GET /health 404 in 89ms (next.js: 14ms, application-code: 75ms)
 GET /health 404 in 86ms (next.js: 13ms, application-code: 73ms)
 GET /health 404 in 81ms (next.js: 15ms, application-code: 66ms)
 GET /health 404 in 75ms (next.js: 11ms, application-code: 64ms)
 GET /health 404 in 79ms (next.js: 14ms, application-code: 65ms)
 GET /health 404 in 73ms (next.js: 12ms, application-code: 61ms)
 GET /health 404 in 78ms (next.js: 13ms, application-code: 65ms)
 GET /health 404 in 83ms (next.js: 17ms, application-code: 65ms)
 GET /health 404 in 102ms (next.js: 12ms, application-code: 90ms)
 GET /health 404 in 79ms (next.js: 12ms, application-code: 67ms)
 GET /health 404 in 64ms (next.js: 11ms, application-code: 54ms)
 GET /health 404 in 77ms (next.js: 13ms, application-code: 64ms)
 GET /health 404 in 74ms (next.js: 13ms, application-code: 61ms)
 GET /health 404 in 73ms (next.js: 12ms, application-code: 61ms)
 GET /health 404 in 76ms (next.js: 13ms, application-code: 63ms)
 GET /health 404 in 78ms (next.js: 13ms, application-code: 65ms)
 GET /health 404 in 74ms (next.js: 10ms, application-code: 64ms)
 GET /health 404 in 74ms (next.js: 12ms, application-code: 61ms)
 GET /health 404 in 79ms (next.js: 14ms, application-code: 65ms)
 GET /health 404 in 79ms (next.js: 14ms, application-code: 65ms)
 GET /health 404 in 86ms (next.js: 15ms, application-code: 71ms)
 GET /health 404 in 87ms (next.js: 14ms, application-code: 73ms)
 GET /health 404 in 82ms (next.js: 13ms, application-code: 69ms)
 GET /health 404 in 82ms (next.js: 14ms, application-code: 68ms)
 GET /health 404 in 73ms (next.js: 11ms, application-code: 62ms)
 GET /health 404 in 74ms (next.js: 12ms, application-code: 61ms)
 GET /health 404 in 78ms (next.js: 10ms, application-code: 68ms)
 GET /health 404 in 79ms (next.js: 16ms, application-code: 63ms)
 GET /health 404 in 75ms (next.js: 13ms, application-code: 62ms)
 GET /health 404 in 71ms (next.js: 13ms, application-code: 58ms)
 GET /health 404 in 74ms (next.js: 13ms, application-code: 61ms)
 GET /health 404 in 73ms (next.js: 13ms, application-code: 60ms)
 GET /health 404 in 76ms (next.js: 14ms, application-code: 62ms)
 GET /health 404 in 73ms (next.js: 11ms, application-code: 62ms)
 GET /health 404 in 90ms (next.js: 11ms, application-code: 79ms)
 GET /health 404 in 75ms (next.js: 10ms, application-code: 66ms)
 GET /health 404 in 80ms (next.js: 11ms, application-code: 69ms)
 GET /health 404 in 63ms (next.js: 11ms, application-code: 52ms)
 GET /health 404 in 85ms (next.js: 15ms, application-code: 69ms)
 GET /health 404 in 65ms (next.js: 12ms, application-code: 53ms)
 GET /health 404 in 68ms (next.js: 12ms, application-code: 56ms)
 GET /health 404 in 76ms (next.js: 13ms, application-code: 63ms)
 GET /health 404 in 76ms (next.js: 11ms, application-code: 65ms)
 GET /health 404 in 77ms (next.js: 12ms, application-code: 65ms)
 GET /health 404 in 80ms (next.js: 11ms, application-code: 69ms)
 GET /health 404 in 81ms (next.js: 13ms, application-code: 68ms)
 GET /health 404 in 75ms (next.js: 11ms, application-code: 64ms)
 GET /health 404 in 89ms (next.js: 15ms, application-code: 74ms)
 GET /health 404 in 81ms (next.js: 10ms, application-code: 71ms)
 GET /health 404 in 87ms (next.js: 13ms, application-code: 74ms)
 GET /health 404 in 91ms (next.js: 14ms, application-code: 77ms)
 GET /health 404 in 71ms (next.js: 12ms, application-code: 59ms)
 GET /health 404 in 89ms (next.js: 26ms, application-code: 63ms)
 GET /health 404 in 74ms (next.js: 15ms, application-code: 59ms)
 GET /health 404 in 82ms (next.js: 14ms, application-code: 69ms)
 GET /health 404 in 70ms (next.js: 10ms, application-code: 60ms)
 GET /health 404 in 80ms (next.js: 12ms, application-code: 68ms)
 GET /health 404 in 78ms (next.js: 12ms, application-code: 66ms)
 GET /health 404 in 82ms (next.js: 13ms, application-code: 69ms)
 GET /health 404 in 66ms (next.js: 13ms, application-code: 53ms)
 GET /health 404 in 76ms (next.js: 12ms, application-code: 65ms)
 GET /health 404 in 79ms (next.js: 13ms, application-code: 66ms)
 GET /health 404 in 109ms (next.js: 11ms, application-code: 98ms)
 GET /health 404 in 77ms (next.js: 13ms, application-code: 63ms)
 GET /health 404 in 91ms (next.js: 9ms, application-code: 82ms)
 GET /health 404 in 81ms (next.js: 14ms, application-code: 68ms)
 GET /health 404 in 80ms (next.js: 14ms, application-code: 66ms)
 GET /health 404 in 71ms (next.js: 13ms, application-code: 58ms)
 GET /health 404 in 78ms (next.js: 13ms, application-code: 65ms)
 GET /health 404 in 115ms (next.js: 21ms, application-code: 94ms)
 GET /health 404 in 82ms (next.js: 15ms, application-code: 67ms)
 GET /health 404 in 85ms (next.js: 9ms, application-code: 76ms)
 GET /health 404 in 76ms (next.js: 15ms, application-code: 62ms)
 GET /health 404 in 87ms (next.js: 16ms, application-code: 71ms)
 GET /health 404 in 78ms (next.js: 20ms, application-code: 58ms)
 GET /health 404 in 77ms (next.js: 17ms, application-code: 60ms)
 GET /health 404 in 90ms (next.js: 17ms, application-code: 73ms)
 GET /health 404 in 84ms (next.js: 12ms, application-code: 72ms)
 GET /health 404 in 90ms (next.js: 12ms, application-code: 78ms)
 GET /health 404 in 74ms (next.js: 10ms, application-code: 64ms)
 GET /health 404 in 73ms (next.js: 14ms, application-code: 59ms)
 GET /health 404 in 59ms (next.js: 12ms, application-code: 47ms)
 GET /health 404 in 75ms (next.js: 15ms, application-code: 59ms)
 GET /health 404 in 83ms (next.js: 14ms, application-code: 70ms)
 GET /health 404 in 67ms (next.js: 11ms, application-code: 55ms)
 GET /health 404 in 73ms (next.js: 12ms, application-code: 61ms)
 GET /health 404 in 64ms (next.js: 11ms, application-code: 53ms)
 GET /health 404 in 81ms (next.js: 14ms, application-code: 67ms)
 GET /health 404 in 78ms (next.js: 12ms, application-code: 65ms)
 GET /health 404 in 74ms (next.js: 15ms, application-code: 59ms)
 GET /health 404 in 69ms (next.js: 11ms, application-code: 58ms)
 GET /health 404 in 79ms (next.js: 16ms, application-code: 62ms)
 GET /health 404 in 72ms (next.js: 13ms, application-code: 60ms)
 GET /health 404 in 85ms (next.js: 12ms, application-code: 73ms)
 GET /health 404 in 73ms (next.js: 13ms, application-code: 60ms)
 GET /health 404 in 73ms (next.js: 15ms, application-code: 58ms)
 GET /health 404 in 80ms (next.js: 15ms, application-code: 65ms)
 GET /health 404 in 68ms (next.js: 12ms, application-code: 56ms)
 GET /health 404 in 77ms (next.js: 12ms, application-code: 65ms)
 GET /health 404 in 78ms (next.js: 12ms, application-code: 66ms)
 GET /health 404 in 79ms (next.js: 11ms, application-code: 68ms)
 GET /health 404 in 76ms (next.js: 12ms, application-code: 64ms)
 GET /health 404 in 81ms (next.js: 15ms, application-code: 66ms)
 GET /health 404 in 75ms (next.js: 10ms, application-code: 65ms)
 GET /health 404 in 79ms (next.js: 11ms, application-code: 67ms)
 GET /health 404 in 87ms (next.js: 15ms, application-code: 72ms)
 GET /health 404 in 99ms (next.js: 16ms, application-code: 83ms)
 GET /health 404 in 73ms (next.js: 10ms, application-code: 63ms)
 GET /health 404 in 91ms (next.js: 15ms, application-code: 76ms)
 GET /health 404 in 90ms (next.js: 16ms, application-code: 74ms)
 GET /health 404 in 82ms (next.js: 14ms, application-code: 68ms)
 GET /health 404 in 73ms (next.js: 16ms, application-code: 57ms)
 GET /health 404 in 97ms (next.js: 17ms, application-code: 80ms)
 GET /health 404 in 83ms (next.js: 14ms, application-code: 70ms)
 GET /health 404 in 84ms (next.js: 13ms, application-code: 72ms)
 GET /health 404 in 94ms (next.js: 13ms, application-code: 81ms)
 GET /health 404 in 102ms (next.js: 17ms, application-code: 85ms)
 GET /health 404 in 111ms (next.js: 13ms, application-code: 98ms)
 GET /health 404 in 81ms (next.js: 12ms, application-code: 69ms)
 GET /health 404 in 178ms (next.js: 15ms, application-code: 162ms)
 GET /health 404 in 67ms (next.js: 13ms, application-code: 53ms)
 GET /health 404 in 74ms (next.js: 15ms, application-code: 58ms)
 GET /health 404 in 74ms (next.js: 16ms, application-code: 58ms)
 GET /health 404 in 67ms (next.js: 11ms, application-code: 56ms)
 GET /health 404 in 68ms (next.js: 12ms, application-code: 56ms)
 GET /health 404 in 59ms (next.js: 11ms, application-code: 47ms)
 GET /health 404 in 78ms (next.js: 13ms, application-code: 65ms)
 GET /health 404 in 80ms (next.js: 13ms, application-code: 66ms)
 GET /health 404 in 94ms (next.js: 15ms, application-code: 79ms)
 GET /health 404 in 74ms (next.js: 13ms, application-code: 61ms)
 GET /health 404 in 76ms (next.js: 12ms, application-code: 63ms)
 GET /health 404 in 65ms (next.js: 10ms, application-code: 54ms)
 GET /health 404 in 82ms (next.js: 13ms, application-code: 69ms)
 GET /health 404 in 59ms (next.js: 12ms, application-code: 47ms)
 GET /health 404 in 149ms (next.js: 14ms, application-code: 135ms)
 GET /health 404 in 79ms (next.js: 12ms, application-code: 67ms)
 GET /health 404 in 101ms (next.js: 21ms, application-code: 80ms)
 GET /health 404 in 78ms (next.js: 15ms, application-code: 63ms)
 GET /health 404 in 67ms (next.js: 10ms, application-code: 57ms)
 GET /health 404 in 66ms (next.js: 12ms, application-code: 55ms)
 GET /health 404 in 68ms (next.js: 12ms, application-code: 56ms)
 GET /health 404 in 68ms (next.js: 14ms, application-code: 54ms)
 GET /health 404 in 64ms (next.js: 12ms, application-code: 52ms)
 GET /health 404 in 72ms (next.js: 14ms, application-code: 58ms)
 GET /health 404 in 71ms (next.js: 13ms, application-code: 58ms)
 GET /health 404 in 69ms (next.js: 12ms, application-code: 57ms)
 GET /health 404 in 60ms (next.js: 12ms, application-code: 48ms)
 GET /health 404 in 67ms (next.js: 10ms, application-code: 57ms)
 GET /health 404 in 49ms (next.js: 12ms, application-code: 37ms)
 GET /health 404 in 653ms (next.js: 101ms, application-code: 552ms)
 GET /health 404 in 91ms (next.js: 16ms, application-code: 75ms)
 GET /health 404 in 108ms (next.js: 23ms, application-code: 85ms)
 GET /health 404 in 75ms (next.js: 12ms, application-code: 62ms)
 GET /health 404 in 84ms (next.js: 18ms, application-code: 66ms)
 GET /health 404 in 84ms (next.js: 21ms, application-code: 64ms)
 GET /health 404 in 82ms (next.js: 13ms, application-code: 68ms)
 GET /health 404 in 71ms (next.js: 16ms, application-code: 55ms)
 GET /health 404 in 100ms (next.js: 19ms, application-code: 80ms)
 GET /health 404 in 76ms (next.js: 14ms, application-code: 62ms)
 GET /health 404 in 92ms (next.js: 16ms, application-code: 77ms)
 GET /health 404 in 95ms (next.js: 18ms, application-code: 78ms)
 GET /health 404 in 83ms (next.js: 16ms, application-code: 67ms)
 GET /health 404 in 83ms (next.js: 14ms, application-code: 69ms)
 GET /health 404 in 233ms (next.js: 15ms, application-code: 218ms)
 GET /health 404 in 62ms (next.js: 13ms, application-code: 49ms)
 GET /health 404 in 87ms (next.js: 17ms, application-code: 70ms)
 GET /health 404 in 86ms (next.js: 16ms, application-code: 71ms)
 GET /health 404 in 75ms (next.js: 15ms, application-code: 60ms)
 GET /health 404 in 68ms (next.js: 14ms, application-code: 54ms)
 GET /health 404 in 72ms (next.js: 15ms, application-code: 57ms)
 GET /health 404 in 63ms (next.js: 11ms, application-code: 51ms)
 GET /health 404 in 89ms (next.js: 14ms, application-code: 75ms)
 GET /health 404 in 85ms (next.js: 20ms, application-code: 65ms)
 GET /health 404 in 83ms (next.js: 16ms, application-code: 67ms)
 GET /health 404 in 77ms (next.js: 18ms, application-code: 59ms)
 GET /health 404 in 96ms (next.js: 14ms, application-code: 82ms)
 GET /health 404 in 95ms (next.js: 17ms, application-code: 78ms)
 GET /health 404 in 93ms (next.js: 13ms, application-code: 80ms)
 GET /health 404 in 91ms (next.js: 21ms, application-code: 70ms)
 GET /health 404 in 151ms (next.js: 16ms, application-code: 135ms)
 GET /health 404 in 81ms (next.js: 11ms, application-code: 70ms)
 GET /health 404 in 69ms (next.js: 14ms, application-code: 55ms)
 GET /health 404 in 59ms (next.js: 9ms, application-code: 49ms)
 GET /health 404 in 71ms (next.js: 11ms, application-code: 61ms)
 GET /health 404 in 82ms (next.js: 16ms, application-code: 67ms)
 GET /health 404 in 64ms (next.js: 9ms, application-code: 54ms)
 GET /health 404 in 67ms (next.js: 15ms, application-code: 52ms)
 GET /health 404 in 94ms (next.js: 13ms, application-code: 81ms)
 GET /health 404 in 69ms (next.js: 9ms, application-code: 60ms)
 GET /health 404 in 69ms (next.js: 13ms, application-code: 56ms)
 GET /health 404 in 77ms (next.js: 10ms, application-code: 67ms)
 GET /health 404 in 80ms (next.js: 14ms, application-code: 66ms)
 GET /health 404 in 76ms (next.js: 13ms, application-code: 63ms)
 GET /health 404 in 88ms (next.js: 16ms, application-code: 73ms)
 GET /health 404 in 74ms (next.js: 8ms, application-code: 66ms)
 GET /health 404 in 71ms (next.js: 16ms, application-code: 56ms)
 GET /health 404 in 85ms (next.js: 18ms, application-code: 67ms)
 GET /health 404 in 71ms (next.js: 12ms, application-code: 59ms)
 GET /health 404 in 76ms (next.js: 15ms, application-code: 61ms)
 GET /health 404 in 64ms (next.js: 14ms, application-code: 50ms)
 GET /health 404 in 71ms (next.js: 16ms, application-code: 55ms)
 GET /health 404 in 62ms (next.js: 11ms, application-code: 51ms)
 GET /health 404 in 69ms (next.js: 11ms, application-code: 58ms)
 GET /health 404 in 66ms (next.js: 13ms, application-code: 53ms)
 GET /health 404 in 60ms (next.js: 11ms, application-code: 50ms)
 GET /health 404 in 73ms (next.js: 17ms, application-code: 56ms)
 GET /health 404 in 70ms (next.js: 13ms, application-code: 57ms)
 GET /health 404 in 66ms (next.js: 12ms, application-code: 54ms)
 GET /health 404 in 69ms (next.js: 17ms, application-code: 52ms)
 GET /health 404 in 72ms (next.js: 14ms, application-code: 58ms)
 GET /health 404 in 80ms (next.js: 13ms, application-code: 67ms)
 GET /health 404 in 86ms (next.js: 16ms, application-code: 70ms)
 GET /health 404 in 77ms (next.js: 17ms, application-code: 60ms)
 GET /health 404 in 69ms (next.js: 10ms, application-code: 59ms)
 GET /health 404 in 76ms (next.js: 14ms, application-code: 63ms)
 GET /health 404 in 71ms (next.js: 14ms, application-code: 57ms)
 GET /health 404 in 66ms (next.js: 11ms, application-code: 55ms)
 GET /health 404 in 80ms (next.js: 14ms, application-code: 66ms)
 GET /health 404 in 69ms (next.js: 14ms, application-code: 55ms)
 GET /health 404 in 68ms (next.js: 11ms, application-code: 57ms)
 GET /health 404 in 78ms (next.js: 11ms, application-code: 67ms)
 GET /health 404 in 86ms (next.js: 19ms, application-code: 67ms)
 GET /health 404 in 66ms (next.js: 11ms, application-code: 55ms)
 GET /health 404 in 65ms (next.js: 8ms, application-code: 57ms)
 GET /health 404 in 86ms (next.js: 12ms, application-code: 74ms)
 GET /health 404 in 77ms (next.js: 10ms, application-code: 67ms)
 GET /health 404 in 62ms (next.js: 13ms, application-code: 48ms)
 GET /health 404 in 53ms (next.js: 10ms, application-code: 43ms)
 GET /health 404 in 69ms (next.js: 8ms, application-code: 61ms)
 GET /health 404 in 57ms (next.js: 8ms, application-code: 49ms)
 GET /health 404 in 75ms (next.js: 13ms, application-code: 62ms)
 GET /health 404 in 77ms (next.js: 11ms, application-code: 65ms)
 GET /health 404 in 57ms (next.js: 11ms, application-code: 46ms)
 GET /health 404 in 67ms (next.js: 10ms, application-code: 57ms)
 GET /health 404 in 52ms (next.js: 8ms, application-code: 43ms)
 GET /health 404 in 43ms (next.js: 7ms, application-code: 36ms)
 GET /health 404 in 64ms (next.js: 14ms, application-code: 50ms)
 GET /health 404 in 82ms (next.js: 13ms, application-code: 69ms)
 GET /health 404 in 52ms (next.js: 11ms, application-code: 41ms)
[?25h
